e:\学习\计算机网络\ip端口扫描器\ip端口扫描器\debug\vc140.pdb
e:\学习\计算机网络\ip端口扫描器\ip端口扫描器\debug\.netframework,version=v4.0.assemblyattributes.obj
e:\学习\计算机网络\ip端口扫描器\ip端口扫描器\debug\.netframework,version=v4.0.assemblyattributes.asm
e:\学习\计算机网络\ip端口扫描器\ip端口扫描器\debug\function.obj
e:\学习\计算机网络\实验\完成\实验2\ip端口扫描器\ip端口扫描器\debug\vc140.pdb
e:\学习\计算机网络\实验\完成\实验2\ip端口扫描器\ip端口扫描器\debug\function.obj
e:\学习\计算机网络\ip端口扫描器\debug\ip端口扫描器.dll
e:\学习\计算机网络\ip端口扫描器\debug\ip端口扫描器.pdb
e:\学习\计算机网络\实验\完成\实验2\ip端口扫描器\debug\ip端口扫描器.dll
e:\学习\计算机网络\实验\完成\实验2\ip端口扫描器\debug\ip端口扫描器.pdb
c:\file\学习\高级编程\ip端口扫描器\ip端口扫描器\debug\ip端口扫描器.vcxprojresolveassemblyreference.cache
c:\file\学习\高级编程\ip端口扫描器\ip端口扫描器\debug\.netframework,version=v4.0.assemblyattributes.obj
c:\file\学习\高级编程\ip端口扫描器\ip端口扫描器\debug\function.obj
c:\file\学习\高级编程\ip端口扫描器\ip端口扫描器\debug\vc140.idb
c:\file\学习\高级编程\ip端口扫描器\ip端口扫描器\debug\vc140.pdb
c:\file\学习\高级编程\ip端口扫描器\debug\ip端口扫描器.pdb
c:\file\学习\高级编程\ip端口扫描器\debug\ip端口扫描器.dll
c:\file\学习\高级编程\ip端口扫描器\ip端口扫描器\debug\ip端口扫描器.tlog\cl.command.1.tlog
c:\file\学习\高级编程\ip端口扫描器\ip端口扫描器\debug\ip端口扫描器.tlog\cl.read.1.tlog
c:\file\学习\高级编程\ip端口扫描器\ip端口扫描器\debug\ip端口扫描器.tlog\cl.write.1.tlog
c:\file\学习\高级编程\ip端口扫描器\ip端口扫描器\debug\ip端口扫描器.tlog\link.command.1.tlog
c:\file\学习\高级编程\ip端口扫描器\ip端口扫描器\debug\ip端口扫描器.tlog\link.read.1.tlog
c:\file\学习\高级编程\ip端口扫描器\ip端口扫描器\debug\ip端口扫描器.tlog\link.write.1.tlog
c:\file\学习\高级编程\ip端口扫描器\ip端口扫描器\debug\ip端口扫描器.tlog\metagen.read.1.tlog
c:\file\学习\高级编程\ip端口扫描器\ip端口扫描器\debug\ip端口扫描器.tlog\metagen.write.1.tlog
c:\file\学习\高级编程\ip端口扫描器\ip端口扫描器\debug\ip端口扫描器.tlog\tzres.dll.bi
